############################################# Statistics 0.1 #############################################
Thetikoi Statistics
Overall Mean RT: 4.266 seconds
Overall Mean Accuracy: 0.989%

Min Session Mean Accuracy: 0.935%
Max Session Mean Accuracy: 1.000%
Theoritikoi Statistics
Overall Mean RT: 7.695 seconds
Overall Mean Accuracy: 0.848%

Min Session Mean Accuracy: 0.613%
Max Session Mean Accuracy: 1.000%


############################################# Decimals #############################################

Global Statistics (using median method):
Valid range: (3018.40, 24328.60)


############################################# Anova Test 1.2.2 #############################################
item_type
Type_A    41
Type_B    37
Type_C    33
Type_D    26
Name: count, dtype: int64

Performing Kruskal-Wallis test for 'accuracy' across 'item_type' groups:
Kruskal-Wallis H-statistic: 14.2654, p-value: 0.0026
Result: Significant differences detected.

Performing post-hoc pairwise comparisons using Dunn's test with Bonferroni correction:
          Type_A    Type_B    Type_C   Type_D
Type_A  1.000000  0.063245  1.000000  1.00000
Type_B  0.063245  1.000000  0.001479  0.19294
Type_C  1.000000  0.001479  1.000000  1.00000
Type_D  1.000000  0.192940  1.000000  1.00000

Performing Kruskal-Wallis test for 'reaction_time' across 'item_type' groups:
Kruskal-Wallis H-statistic: 4.0143, p-value: 0.2599
Result: No significant differences detected. Skipping post-hoc testing.

Participant Statistics:
==========================================================================================
Participant  | Total Trials | Valid Trials |   Valid %    |  Median RT   |    MAD RT   
------------------------------------------------------------------------------------------
    P011     |      10      |      10      |    100.00    |   5151.00    |   3953.00   
    P017     |      7       |      7       |    100.00    |   7141.00    |   6306.60   
    P016     |      5       |      5       |    100.00    |   6554.00    |   15554.00  
    P002     |      9       |      9       |    100.00    |   9151.00    |   3390.00   
    P010     |      8       |      5       |    62.50     |   5815.00    |   5839.40   
    P009     |      10      |      9       |    90.00     |   9547.00    |   10790.20  
    P003     |      12      |      12      |    100.00    |   10931.00   |   13591.75  
    P001     |      11      |      9       |    81.82     |   3716.00    |   1826.80   
    P012     |      10      |      5       |    50.00     |   11463.00   |   16242.00  
    P013     |      7       |      6       |    85.71     |   6262.00    |   4767.50   
    P008     |      4       |      4       |    100.00    |   11298.50   |   7441.55   
    P005     |      12      |      9       |    75.00     |   15998.00   |   16999.00  
    P018     |      6       |      6       |    100.00    |   6026.50    |   4513.00   
    P014     |      5       |      5       |    100.00    |   5388.00    |   2785.60   
    P007     |      5       |      5       |    100.00    |   11479.00   |   5973.40   
    P006     |      11      |      10      |    90.91     |   6241.00    |   13149.75  
    P015     |      1       |      1       |    100.00    |   20792.00   |     0.00    
    P004     |      9       |      9       |    100.00    |   11977.00   |   11311.80  
    P019     |      11      |      11      |    100.00    |   9713.00    |   11230.50  
Plot saved to results/exp2b_demo/Decimal_outlier_median.png


############################################# Statistics Accuracy 1.3.1 #############################################
                                         Comparison  Odds Ratio  p-value  \
0               C(item_type)[T.Type_B] vs Intercept       0.120    0.001   
1               C(item_type)[T.Type_C] vs Intercept       0.567    0.539   
2               C(item_type)[T.Type_D] vs Intercept       0.251    0.109   
3  C(item_type)[T.Type_C] vs C(item_type)[T.Type_B]       4.714    0.008   
4  C(item_type)[T.Type_D] vs C(item_type)[T.Type_B]       2.090    0.201   
5  C(item_type)[T.Type_D] vs C(item_type)[T.Type_C]       0.443    0.075   

                                       95% CI  Adjusted p-value  
0   (0.03270605914891779, 0.4418304432087123)             0.009  
1   (0.09265114012847554, 3.4662899353137475)             1.000  
2  (0.046471912806784185, 1.3582692787675312)             0.652  
3    (1.5062688096456465, 14.754663745010268)             0.046  
4     (0.675110487175634, 6.4702001864527565)             1.000  
5   (0.18084927898981876, 1.0867858890137407)             0.452  


############################################# Statistics Reaction Time 1.3.2 #############################################
                                         Comparison  Odds Ratio  p-value  \
0               C(item_type)[T.Type_B] vs Intercept       0.374    0.000   
1               C(item_type)[T.Type_C] vs Intercept       0.568    0.003   
2               C(item_type)[T.Type_D] vs Intercept       0.486    0.000   
3  C(item_type)[T.Type_C] vs C(item_type)[T.Type_B]       1.516    0.000   
4  C(item_type)[T.Type_D] vs C(item_type)[T.Type_B]       1.297    0.047   
5  C(item_type)[T.Type_D] vs C(item_type)[T.Type_C]       0.855    0.096   

                                      95% CI  Adjusted p-value  
0   (0.2841910635833617, 0.4934691573204759)             0.000  
1    (0.392456690695755, 0.8212156753370465)             0.016  
2  (0.33448646674404653, 0.7050447170998475)             0.001  
3   (1.2034291668520893, 1.9096685854961781)             0.002  
4    (1.003562601865318, 1.6756384367415522)             0.281  
5   (0.7116556823443179, 1.0281969809604532)             0.577  

Summary Table:
+----+-------------+--------+-------+
|    | Item Type   |   Mean |   SEM |
+====+=============+========+=======+
|  0 | Type_A      |  0.733 | 0.067 |
+----+-------------+--------+-------+
|  1 | Type_B      |  0.476 | 0.078 |
+----+-------------+--------+-------+
|  2 | Type_C      |  0.811 | 0.065 |
+----+-------------+--------+-------+
|  3 | Type_D      |  0.655 | 0.09  |
+----+-------------+--------+-------+
Plot saved to results/exp2b_demo/Decimal_comparison_accuracy.png

Summary Table:
+----+-------------+---------+---------+
|    | Item Type   |    Mean |     SEM |
+====+=============+=========+=========+
|  0 | Type_A      | 9849.68 | 795.817 |
+----+-------------+---------+---------+
|  1 | Type_B      | 9866.11 | 828.078 |
+----+-------------+---------+---------+
|  2 | Type_C      | 8453.33 | 924.407 |
+----+-------------+---------+---------+
|  3 | Type_D      | 8449.69 | 920.921 |
+----+-------------+---------+---------+
Plot saved to results/exp2b_demo/Decimal_comparison_reaction_time_mean.png


############################################# Smalls #############################################

Global Statistics (using median method):
Valid range: (2548.00, 20714.00)


############################################# Anova Test 1.2.2 #############################################
item_type
Type_A    47
Type_B    37
Type_C    33
Type_D    28
Name: count, dtype: int64

Performing Kruskal-Wallis test for 'accuracy' across 'item_type' groups:
Kruskal-Wallis H-statistic: 25.2102, p-value: 0.0000
Result: Significant differences detected.

Performing post-hoc pairwise comparisons using Dunn's test with Bonferroni correction:
          Type_A    Type_B    Type_C    Type_D
Type_A  1.000000  0.000652  0.000034  0.157537
Type_B  0.000652  1.000000  1.000000  1.000000
Type_C  0.000034  1.000000  1.000000  0.308242
Type_D  0.157537  1.000000  0.308242  1.000000

Performing Kruskal-Wallis test for 'reaction_time' across 'item_type' groups:
Kruskal-Wallis H-statistic: 10.5174, p-value: 0.0146
Result: Significant differences detected.

Performing post-hoc pairwise comparisons using Dunn's test with Bonferroni correction:
          Type_A    Type_B    Type_C    Type_D
Type_A  1.000000  0.483276  0.008182  0.626199
Type_B  0.483276  1.000000  0.910617  1.000000
Type_C  0.008182  0.910617  1.000000  1.000000
Type_D  0.626199  1.000000  1.000000  1.000000

Participant Statistics:
==========================================================================================
Participant  | Total Trials | Valid Trials |   Valid %    |  Median RT   |    MAD RT   
------------------------------------------------------------------------------------------
    P011     |      9       |      8       |    88.89     |   4869.00    |   2635.20   
    P017     |      5       |      5       |    100.00    |   4604.00    |   10799.40  
    P016     |      9       |      9       |    100.00    |   10824.00   |   10028.20  
    P002     |      9       |      9       |    100.00    |   6997.00    |   4340.40   
    P010     |      10      |      9       |    90.00     |   7968.00    |   13522.00  
    P009     |      7       |      4       |    57.14     |   4987.00    |   6775.35   
    P003     |      12      |      12      |    100.00    |   13590.00   |   12277.00  
    P001     |      10      |      9       |    90.00     |   3019.00    |   2353.40   
    P012     |      6       |      5       |    83.33     |   8167.00    |   10866.80  
    P013     |      13      |      11      |    84.62     |   9491.00    |   7340.50   
    P008     |      7       |      6       |    85.71     |   8925.50    |   6896.75   
    P005     |      9       |      7       |    77.78     |   11118.00   |   11768.00  
    P018     |      12      |      10      |    83.33     |   6367.50    |   5055.45   
    P014     |      5       |      5       |    100.00    |   6761.00    |   6523.40   
    P007     |      6       |      6       |    100.00    |   5399.50    |   14541.00  
    P006     |      10      |      10      |    100.00    |   4557.50    |   10825.20  
    P015     |      4       |      4       |    100.00    |   7784.00    |   7115.45   
    P004     |      6       |      6       |    100.00    |   6218.50    |   3995.75   
    P019     |      12      |      10      |    83.33     |   12225.50   |   11216.55  
Plot saved to results/exp2b_demo/Small_outlier_median.png


############################################# Statistics Accuracy 1.3.1 #############################################
                                         Comparison  Odds Ratio  p-value  \
0               C(item_type)[T.Type_B] vs Intercept       0.002    0.001   
1               C(item_type)[T.Type_C] vs Intercept       0.001    0.002   
2               C(item_type)[T.Type_D] vs Intercept       0.004    0.002   
3  C(item_type)[T.Type_C] vs C(item_type)[T.Type_B]       0.665    0.298   
4  C(item_type)[T.Type_D] vs C(item_type)[T.Type_B]       1.826    0.134   
5  C(item_type)[T.Type_D] vs C(item_type)[T.Type_C]       2.745    0.061   

                                          95% CI  Adjusted p-value  
0  (4.8537212354873885e-05, 0.07955639772998466)             0.006  
1  (2.0490128537821566e-05, 0.08339354713293058)             0.010  
2    (9.76419311510156e-05, 0.13187318293673445)             0.013  
3       (0.3087884068496478, 1.4330660344681467)             1.000  
4        (0.8301872811109692, 4.016676295397374)             0.806  
5        (0.9554592195409973, 7.886849685249667)             0.364  


############################################# Statistics Reaction Time 1.3.2 #############################################
                                         Comparison  Odds Ratio  p-value  \
0               C(item_type)[T.Type_B] vs Intercept       0.260    0.000   
1               C(item_type)[T.Type_C] vs Intercept       0.239    0.000   
2               C(item_type)[T.Type_D] vs Intercept       0.301    0.000   
3  C(item_type)[T.Type_C] vs C(item_type)[T.Type_B]       0.921    0.481   
4  C(item_type)[T.Type_D] vs C(item_type)[T.Type_B]       1.158    0.173   
5  C(item_type)[T.Type_D] vs C(item_type)[T.Type_C]       1.258    0.042   

                                      95% CI  Adjusted p-value  
0  (0.21581933337562126, 0.3130668734529945)             0.000  
1  (0.18465752930443582, 0.3101069931309863)             0.000  
2    (0.246546192466841, 0.3675081088074856)             0.000  
3   (0.7315449215412606, 1.1585375590704161)             1.000  
4   (0.9377386561714642, 1.4300655471476929)             1.000  
5   (1.0078776444975512, 1.5699247386098276)             0.255  

Summary Table:
+----+-------------+--------+-------+
|    | Item Type   |   Mean |   SEM |
+====+=============+========+=======+
|  0 | Type_A      |  0.962 | 0.026 |
+----+-------------+--------+-------+
|  1 | Type_B      |  0.561 | 0.078 |
+----+-------------+--------+-------+
|  2 | Type_C      |  0.459 | 0.083 |
+----+-------------+--------+-------+
|  3 | Type_D      |  0.7   | 0.085 |
+----+-------------+--------+-------+
Plot saved to results/exp2b_demo/Small_comparison_accuracy.png

Summary Table:
+----+-------------+----------+---------+
|    | Item Type   |     Mean |     SEM |
+====+=============+==========+=========+
|  0 | Type_A      |  6825.3  | 473.429 |
+----+-------------+----------+---------+
|  1 | Type_B      |  8757.89 | 792.772 |
+----+-------------+----------+---------+
|  2 | Type_C      | 10218.7  | 839.981 |
+----+-------------+----------+---------+
|  3 | Type_D      |  8645.57 | 926.925 |
+----+-------------+----------+---------+
Plot saved to results/exp2b_demo/Small_comparison_reaction_time_mean.png
